2026-03-22 09:30:01 [HikariPool-1 housekeeper] WARN  com.zaxxer.hikari.pool.HikariPool - HikariPool-1 - Thread starvation or clock leap detected (housekeeper delta=12h32m56s53ms259µs800ns).
2026-03-22 09:32:44 [SpringApplicationShutdownHook] INFO  o.s.o.j.LocalContainerEntityManagerFactoryBean - Closing JPA EntityManagerFactory for persistence unit 'default'
2026-03-22 09:32:44 [SpringApplicationShutdownHook] INFO  com.zaxxer.hikari.HikariDataSource - HikariPool-1 - Shutdown initiated...
2026-03-22 09:32:44 [SpringApplicationShutdownHook] INFO  com.zaxxer.hikari.HikariDataSource - HikariPool-1 - Shutdown completed.
2026-03-22 09:34:47 [restartedMain] INFO  c.mghbackend.MghBackendApplication - Starting MghBackendApplication using Java 21.0.10 with PID 27776 (C:\Users\konem\projets\PrrojetMgh\MghBackend\build\classes\java\main started by konem in C:\Users\konem\projets\PrrojetMgh\MghBackend)
2026-03-22 09:34:47 [restartedMain] INFO  c.mghbackend.MghBackendApplication - No active profile set, falling back to 1 default profile: "default"
2026-03-22 09:34:47 [restartedMain] INFO  o.s.b.d.e.DevToolsPropertyDefaultsPostProcessor - Devtools property defaults active! Set 'spring.devtools.add-properties' to 'false' to disable
2026-03-22 09:34:47 [restartedMain] INFO  o.s.b.d.e.DevToolsPropertyDefaultsPostProcessor - For additional web related logging consider setting the 'logging.level.web' property to 'DEBUG'
2026-03-22 09:34:49 [restartedMain] INFO  o.s.d.r.c.RepositoryConfigurationDelegate - Bootstrapping Spring Data JPA repositories in DEFAULT mode.
2026-03-22 09:34:50 [restartedMain] INFO  o.s.d.r.c.RepositoryConfigurationDelegate - Finished Spring Data repository scanning in 223 ms. Found 17 JPA repository interfaces.
2026-03-22 09:34:51 [restartedMain] INFO  o.s.b.w.e.tomcat.TomcatWebServer - Tomcat initialized with port 8080 (http)
2026-03-22 09:34:51 [restartedMain] INFO  o.a.catalina.core.StandardService - Starting service [Tomcat]
2026-03-22 09:34:51 [restartedMain] INFO  o.a.catalina.core.StandardEngine - Starting Servlet engine: [Apache Tomcat/10.1.31]
2026-03-22 09:34:51 [restartedMain] INFO  o.a.c.c.C.[Tomcat].[localhost].[/] - Initializing Spring embedded WebApplicationContext
2026-03-22 09:34:51 [restartedMain] INFO  o.s.b.w.s.c.ServletWebServerApplicationContext - Root WebApplicationContext: initialization completed in 3784 ms
2026-03-22 09:34:52 [restartedMain] INFO  o.h.jpa.internal.util.LogHelper - HHH000204: Processing PersistenceUnitInfo [name: default]
2026-03-22 09:34:52 [restartedMain] INFO  org.hibernate.Version - HHH000412: Hibernate ORM core version 6.5.3.Final
2026-03-22 09:34:52 [restartedMain] INFO  o.h.c.i.RegionFactoryInitiator - HHH000026: Second-level cache disabled
2026-03-22 09:34:52 [restartedMain] INFO  o.s.o.j.p.SpringPersistenceUnitInfo - No LoadTimeWeaver setup: ignoring JPA class transformer
2026-03-22 09:34:52 [restartedMain] INFO  com.zaxxer.hikari.HikariDataSource - HikariPool-1 - Starting...
2026-03-22 09:34:53 [restartedMain] INFO  com.zaxxer.hikari.pool.HikariPool - HikariPool-1 - Added connection com.mysql.cj.jdbc.ConnectionImpl@3eb2ce57
2026-03-22 09:34:53 [restartedMain] INFO  com.zaxxer.hikari.HikariDataSource - HikariPool-1 - Start completed.
2026-03-22 09:34:53 [restartedMain] WARN  org.hibernate.orm.deprecation - HHH90000025: MySQLDialect does not need to be specified explicitly using 'hibernate.dialect' (remove the property setting and it will be selected by default)
2026-03-22 09:34:56 [restartedMain] INFO  o.h.e.t.j.p.i.JtaPlatformInitiator - HHH000489: No JTA platform available (set 'hibernate.transaction.jta.platform' to enable JTA platform integration)
2026-03-22 09:34:56 [restartedMain] DEBUG org.hibernate.SQL - 
    alter table chambres 
       modify column description TEXT
2026-03-22 09:34:56 [restartedMain] DEBUG org.hibernate.SQL - 
    alter table clients 
       modify column adresse TEXT
2026-03-22 09:34:56 [restartedMain] DEBUG org.hibernate.SQL - 
    alter table clients 
       modify column notes TEXT
2026-03-22 09:34:56 [restartedMain] DEBUG org.hibernate.SQL - 
    alter table commandes_restaurant 
       modify column notes TEXT
2026-03-22 09:34:56 [restartedMain] DEBUG org.hibernate.SQL - 
    alter table factures 
       modify column notes TEXT
2026-03-22 09:34:56 [restartedMain] DEBUG org.hibernate.SQL - 
    alter table fournisseurs 
       modify column adresse TEXT
2026-03-22 09:34:56 [restartedMain] DEBUG org.hibernate.SQL - 
    alter table fournisseurs 
       modify column notes TEXT
2026-03-22 09:34:56 [restartedMain] DEBUG org.hibernate.SQL - 
    alter table hotels 
       modify column address TEXT
2026-03-22 09:34:56 [restartedMain] DEBUG org.hibernate.SQL - 
    alter table lignes_commande_restaurant 
       modify column notes TEXT
2026-03-22 09:34:56 [restartedMain] DEBUG org.hibernate.SQL - 
    alter table lignes_facture 
       modify column description TEXT
2026-03-22 09:34:56 [restartedMain] DEBUG org.hibernate.SQL - 
    alter table mouvements_stock 
       modify column motif TEXT
2026-03-22 09:34:56 [restartedMain] DEBUG org.hibernate.SQL - 
    alter table paiements 
       modify column notes TEXT
2026-03-22 09:34:56 [restartedMain] DEBUG org.hibernate.SQL - 
    alter table produits 
       modify column description TEXT
2026-03-22 09:34:57 [restartedMain] DEBUG org.hibernate.SQL - 
    alter table produits_menu 
       modify column description TEXT
2026-03-22 09:34:57 [restartedMain] DEBUG org.hibernate.SQL - 
    alter table reservations 
       modify column demandes_speciales TEXT
2026-03-22 09:34:57 [restartedMain] DEBUG org.hibernate.SQL - 
    alter table reservations 
       modify column notes TEXT
2026-03-22 09:34:57 [restartedMain] INFO  o.s.o.j.LocalContainerEntityManagerFactoryBean - Initialized JPA EntityManagerFactory for persistence unit 'default'
2026-03-22 09:34:58 [restartedMain] INFO  o.s.d.j.r.query.QueryEnhancerFactory - Hibernate is in classpath; If applicable, HQL parser will be used.
2026-03-22 09:35:00 [restartedMain] WARN  o.s.b.a.o.j.JpaBaseConfiguration$JpaWebConfiguration - spring.jpa.open-in-view is enabled by default. Therefore, database queries may be performed during view rendering. Explicitly configure spring.jpa.open-in-view to disable this warning
2026-03-22 09:35:02 [restartedMain] INFO  o.s.b.d.a.OptionalLiveReloadServer - LiveReload server is running on port 35729
2026-03-22 09:35:02 [restartedMain] INFO  o.s.b.w.e.tomcat.TomcatWebServer - Tomcat started on port 8080 (http) with context path '/'
2026-03-22 09:35:02 [restartedMain] INFO  c.mghbackend.MghBackendApplication - Started MghBackendApplication in 15.741 seconds (process running for 21.778)
2026-03-22 09:35:02 [restartedMain] INFO  c.mghbackend.config.DataInitializer - Initialisation des données...
2026-03-22 09:35:02 [restartedMain] DEBUG org.hibernate.SQL - 
    select
        r1_0.id 
    from
        roles r1_0 
    where
        r1_0.name=? 
    limit
        ?
2026-03-22 09:35:02 [restartedMain] DEBUG org.hibernate.SQL - 
    select
        r1_0.id 
    from
        roles r1_0 
    where
        r1_0.name=? 
    limit
        ?
2026-03-22 09:35:02 [restartedMain] DEBUG org.hibernate.SQL - 
    select
        r1_0.id 
    from
        roles r1_0 
    where
        r1_0.name=? 
    limit
        ?
2026-03-22 09:35:02 [restartedMain] DEBUG org.hibernate.SQL - 
    select
        r1_0.id 
    from
        roles r1_0 
    where
        r1_0.name=? 
    limit
        ?
2026-03-22 09:35:02 [restartedMain] DEBUG org.hibernate.SQL - 
    select
        r1_0.id 
    from
        roles r1_0 
    where
        r1_0.name=? 
    limit
        ?
2026-03-22 09:35:02 [restartedMain] INFO  c.mghbackend.config.DataInitializer - Initialisation des données terminée
2026-03-22 09:46:13 [http-nio-8080-exec-1] INFO  o.a.c.c.C.[Tomcat].[localhost].[/] - Initializing Spring DispatcherServlet 'dispatcherServlet'
2026-03-22 09:46:13 [http-nio-8080-exec-1] INFO  o.s.web.servlet.DispatcherServlet - Initializing Servlet 'dispatcherServlet'
2026-03-22 09:46:13 [http-nio-8080-exec-1] INFO  o.s.web.servlet.DispatcherServlet - Completed initialization in 0 ms
2026-03-22 09:46:13 [http-nio-8080-exec-5] DEBUG org.hibernate.SQL - 
    select
        h1_0.id,
        h1_0.active,
        h1_0.address,
        h1_0.created_at,
        h1_0.email,
        h1_0.logo_url,
        h1_0.name,
        h1_0.password,
        h1_0.phone,
        h1_0.subscription_end,
        h1_0.tax_number,
        h1_0.updated_at 
    from
        hotels h1_0 
    where
        h1_0.email=? 
        and h1_0.active
